<?xml version="1.0" encoding="UTF-8"?>
<!-- Generated by org.testng.reporters.JUnitReportReporter -->
<testsuite hostname="TABLET-035DO2R9" failures="0" tests="3" name="com.crm.qa.testscases.LoginPageTest" time="23.617" errors="0" timestamp="2024-04-05T14:02:48 GMT-06:00" skipped="0">
  <testcase classname="com.crm.qa.testscases.LoginPageTest" name="loginPageTitle" time="6.013"/>
  <testcase classname="com.crm.qa.testscases.LoginPageTest" name="crmlogoImageTest" time="5.316"/>
  <testcase classname="com.crm.qa.testscases.LoginPageTest" name="loginTest" time="12.288"/>
</testsuite> <!-- com.crm.qa.testscases.LoginPageTest -->
