<?xml version="1.0" encoding="UTF-8"?>
<!-- Generated by org.testng.reporters.JUnitReportReporter -->
<testsuite hostname="TABLET-035DO2R9" failures="0" tests="3" name="com.crm.qa.testscases.HomePageTest" time="33.045" errors="0" timestamp="2024-04-05T14:02:48 GMT-06:00" skipped="0">
  <testcase classname="com.crm.qa.testscases.HomePageTest" name="verifyHomePageTitleTest" time="11.035"/>
  <testcase classname="com.crm.qa.testscases.HomePageTest" name="verifyUserNameTest" time="10.402"/>
  <testcase classname="com.crm.qa.testscases.HomePageTest" name="clickOnContacts" time="11.608"/>
</testsuite> <!-- com.crm.qa.testscases.HomePageTest -->
